<?xml version="1.0" encoding="UTF-8"?>
<!-- Generated by org.testng.reporters.JUnitXMLReporter -->
<testsuite ignored="0" hostname="DESKTOP-BKQF639" failures="0" tests="4" name="chromeTest" time="195.347" errors="0" timestamp="2025-07-23T20:38:10 IST">
  <testcase classname="testCases.TC006_ContactUsForm" name="verifyContactUsFormSubmission" time="6.098"/>
  <testcase classname="testCases.TC007_VerifyTestCasesPages" name="verifyContactUsFormSubmission" time="1.786"/>
  <testcase classname="testCases.TC004_LoginAndLogOut" name="verify_loginAndLogOut" time="6.586"/>
  <testcase classname="testCases.TC005_RegisterUserWithExistingEmail" name="verify_account_registration" time="2.7"/>
</testsuite> <!-- chromeTest -->
