<?xml version="1.0" encoding="UTF-8"?>
<!-- Generated by org.testng.reporters.JUnitXMLReporter -->
<testsuite ignored="0" hostname="DESKTOP-BKQF639" failures="0" tests="4" name="edgeTest" time="105.356" errors="0" timestamp="2025-07-23T20:36:40 IST">
  <testcase classname="testCases.TC006_ContactUsForm" name="verifyContactUsFormSubmission" time="5.978"/>
  <testcase classname="testCases.TC007_VerifyTestCasesPages" name="verifyContactUsFormSubmission" time="1.354"/>
  <testcase classname="testCases.TC004_LoginAndLogOut" name="verify_loginAndLogOut" time="6.928"/>
  <testcase classname="testCases.TC005_RegisterUserWithExistingEmail" name="verify_account_registration" time="2.807"/>
</testsuite> <!-- edgeTest -->
