<?xml version="1.0" encoding="UTF-8"?>
<!-- Generated by org.testng.reporters.JUnitXMLReporter -->
<testsuite ignored="0" hostname="DESKTOP-BKQF639" failures="0" tests="4" name="Test" time="125.856" errors="0" timestamp="2025-07-23T20:51:31 IST">
  <testcase classname="testCases.TC004_LoginAndLogOut" name="verify_loginAndLogOut" time="6.138"/>
  <testcase classname="testCases.TC005_RegisterUserWithExistingEmail" name="verify_account_registration" time="2.953"/>
  <testcase classname="testCases.TC006_ContactUsForm" name="verifyContactUsFormSubmission" time="9.922"/>
  <testcase classname="testCases.TC007_VerifyTestCasesPages" name="verifyContactUsFormSubmission" time="1.717"/>
</testsuite> <!-- Test -->
