<?xml version="1.0" encoding="UTF-8"?>
<testng-results ignored="0" total="1" passed="1" failed="0" skipped="0">
  <reporter-output>
  </reporter-output>
  <suite started-at="2025-07-24T16:34:47 IST" name="Suite" finished-at="2025-07-24T16:34:58 IST" duration-ms="11052">
    <groups>
    </groups>
    <test started-at="2025-07-24T16:34:47 IST" name="Test" finished-at="2025-07-24T16:34:58 IST" duration-ms="11052">
      <class name="testCases.TC008_VerifyProductDetailPage">
        <test-method is-config="true" signature="setup(java.lang.String,java.lang.String)[pri:0, instance:testCases.TC008_VerifyProductDetailPage@63f8276e]" started-at="2025-07-24T16:34:47 IST" name="setup" finished-at="2025-07-24T16:34:52 IST" duration-ms="4989" status="PASS">
          <params>
            <param index="0">
              <value>
                <![CDATA[windows]]>
              </value>
            </param>
            <param index="1">
              <value>
                <![CDATA[chrome]]>
              </value>
            </param>
          </params>
          <reporter-output>
          </reporter-output>
        </test-method> <!-- setup -->
        <test-method signature="verifyContactUsFormSubmission()[pri:0, instance:testCases.TC008_VerifyProductDetailPage@63f8276e]" started-at="2025-07-24T16:34:52 IST" name="verifyContactUsFormSubmission" finished-at="2025-07-24T16:34:57 IST" duration-ms="5294" status="PASS">
          <reporter-output>
          </reporter-output>
        </test-method> <!-- verifyContactUsFormSubmission -->
        <test-method is-config="true" signature="tearDown()[pri:0, instance:testCases.TC008_VerifyProductDetailPage@63f8276e]" started-at="2025-07-24T16:34:57 IST" name="tearDown" finished-at="2025-07-24T16:34:58 IST" duration-ms="725" status="PASS">
          <reporter-output>
          </reporter-output>
        </test-method> <!-- tearDown -->
      </class> <!-- testCases.TC008_VerifyProductDetailPage -->
    </test> <!-- Test -->
  </suite> <!-- Suite -->
</testng-results>
