<?xml version="1.0" encoding="UTF-8"?>
<testng-results ignored="0" total="1" passed="1" failed="0" skipped="0">
  <reporter-output>
  </reporter-output>
  <suite started-at="2025-07-23T17:34:57 IST" name="Suite" finished-at="2025-07-23T17:35:47 IST" duration-ms="50454">
    <groups>
    </groups>
    <test started-at="2025-07-23T17:34:57 IST" name="Test" finished-at="2025-07-23T17:35:47 IST" duration-ms="50454">
      <class name="testCases.TC007_VerifyTestCasesPages">
        <test-method is-config="true" signature="setup(java.lang.String,java.lang.String)[pri:0, instance:testCases.TC007_VerifyTestCasesPages@63f8276e]" started-at="2025-07-23T17:34:57 IST" name="setup" finished-at="2025-07-23T17:35:45 IST" duration-ms="48016" status="PASS">
          <params>
            <param index="0">
              <value>
                <![CDATA[windows]]>
              </value>
            </param>
            <param index="1">
              <value>
                <![CDATA[edge]]>
              </value>
            </param>
          </params>
          <reporter-output>
          </reporter-output>
        </test-method> <!-- setup -->
        <test-method signature="verifyContactUsFormSubmission()[pri:0, instance:testCases.TC007_VerifyTestCasesPages@63f8276e]" started-at="2025-07-23T17:35:45 IST" name="verifyContactUsFormSubmission" finished-at="2025-07-23T17:35:47 IST" duration-ms="1914" status="PASS">
          <reporter-output>
          </reporter-output>
        </test-method> <!-- verifyContactUsFormSubmission -->
        <test-method is-config="true" signature="tearDown()[pri:0, instance:testCases.TC007_VerifyTestCasesPages@63f8276e]" started-at="2025-07-23T17:35:47 IST" name="tearDown" finished-at="2025-07-23T17:35:47 IST" duration-ms="291" status="PASS">
          <reporter-output>
          </reporter-output>
        </test-method> <!-- tearDown -->
      </class> <!-- testCases.TC007_VerifyTestCasesPages -->
    </test> <!-- Test -->
  </suite> <!-- Suite -->
</testng-results>
